<?xml version="1.0" encoding="utf-8"?><testsuites name="pytest tests"><testsuite name="pytest" errors="0" failures="0" skipped="0" tests="312" time="189.473" timestamp="2026-09-19T09:43:17.731661+08:00" hostname="DESKTOP-118GG17"><testcase classname="tests.test_acceptance_edges" name="test_m10_participant_permutations_replay_identically" time="0.146" /><testcase classname="tests.test_acceptance_edges" name="test_p10_empty_small_blind_charges_only_actual_players[3]" time="0.011" /><testcase classname="tests.test_acceptance_edges" name="test_p10_empty_small_blind_charges_only_actual_players[4]" time="0.010" /><testcase classname="tests.test_acceptance_edges" name="test_p10_empty_small_blind_charges_only_actual_players[5]" time="0.010" /><testcase classname="tests.test_acceptance_edges" name="test_p10_empty_small_blind_charges_only_actual_players[6]" time="0.009" /><testcase classname="tests.test_acceptance_edges" name="test_p10_empty_small_blind_charges_only_actual_players[7]" time="0.010" /><testcase classname="tests.test_acceptance_edges" name="test_p10_empty_small_blind_charges_only_actual_players[8]" time="0.011" /><testcase classname="tests.test_acceptance_edges" name="test_p13_full_nine_player_table_cannot_have_no_small_blind" time="0.009" /><testcase classname="tests.test_acceptance_edges" name="test_p15_player_below_blind_remains_in_hand[1-50-250]" time="0.012" /><testcase classname="tests.test_acceptance_edges" name="test_p15_player_below_blind_remains_in_hand[2-75-175]" time="0.010" /><testcase classname="tests.test_acceptance_edges" name="test_a14_bad_actor_never_defaults_or_500s[op0]" time="0.009" /><testcase classname="tests.test_acceptance_edges" name="test_a14_bad_actor_never_defaults_or_500s[op1]" time="0.008" /><testcase classname="tests.test_acceptance_edges" name="test_a14_bad_actor_never_defaults_or_500s[op2]" time="0.009" /><testcase classname="tests.test_acceptance_edges" name="test_a14_bad_actor_never_defaults_or_500s[op3]" time="0.009" /><testcase classname="tests.test_cfr_advice" name="test_cfr_supported_on_flop_and_turn" time="18.185" /><testcase classname="tests.test_cfr_advice" name="test_cfr_supported_on_heads_up_river" time="3.651" /><testcase classname="tests.test_cfr_advice" name="test_cfr_unsupported_preflop_and_multiway" time="1.097" /><testcase classname="tests.test_cfr_advice" name="test_cfr_via_api" time="3.647" /><testcase classname="tests.test_cfr_money" name="test_mixed_bucket_uses_equity_expectation" time="0.011" /><testcase classname="tests.test_cfr_money" name="test_default_buckets_weak_value_calls_instead_of_folding" time="0.064" /><testcase classname="tests.test_cfr_money" name="test_money_semantics_chips_behind_allow_betting" time="0.019" /><testcase classname="tests.test_cfr_money" name="test_money_semantics_dead_money_counts_into_pot" time="0.016" /><testcase classname="tests.test_cfr_money" name="test_default_derivation_matches_explicit_money" time="0.018" /><testcase classname="tests.test_cfr_money" name="test_street_river_path_accepts_money" time="0.014" /><testcase classname="tests.test_cfr_money" name="test_invalid_money_rejected" time="0.004" /><testcase classname="tests.test_cfr_money" name="test_capped_short_allin_call_models_refund" time="0.011" /><testcase classname="tests.test_cfr_money" name="test_no_raise_permission_disables_raise_branch" time="0.005" /><testcase classname="tests.test_cfr_multistreet" name="test_river_dispatch_identity" time="0.205" /><testcase classname="tests.test_cfr_multistreet" name="test_turn_exact_enumeration_matches_independent_reference" time="0.129" /><testcase classname="tests.test_cfr_multistreet" name="test_turn_strength_ordering_is_sane" time="0.121" /><testcase classname="tests.test_cfr_multistreet" name="test_flop_invariants_and_determinism" time="0.241" /><testcase classname="tests.test_cfr_multistreet" name="test_turn_facing_bet_and_allin" time="0.117" /><testcase classname="tests.test_cfr_multistreet" name="test_invalid_board_sizes_raise" time="0.004" /><testcase classname="tests.test_cfr_river" name="test_akq_shaped_river_matches_theorem[1.0-1.0-0.5-0.5]" time="1.974" /><testcase classname="tests.test_cfr_river" name="test_akq_shaped_river_matches_theorem[1.0-0.5-0.3333333333333333-0.6666666666666666]" time="2.034" /><testcase classname="tests.test_cfr_river" name="test_akq_shaped_river_matches_theorem[1.0-2.0-0.6666666666666666-0.3333333333333333]" time="2.108" /><testcase classname="tests.test_cfr_river" name="test_bucketing_by_range_equity" time="0.029" /><testcase classname="tests.test_cfr_river" name="test_facing_bet_pot_odds_behavior" time="0.365" /><testcase classname="tests.test_cfr_river" name="test_allin_clamp_and_fold" time="2.063" /><testcase classname="tests.test_cfr_river" name="test_determinism_and_multi_sizes" time="1.803" /><testcase classname="tests.test_cfr_river" name="test_error_paths" time="0.004" /><testcase classname="tests.test_cfr_river" name="test_typical_spot_latency" time="1.843" /><testcase classname="tests.test_cfr_toys" name="test_kuhn_value_and_forced_bluff" time="0.721" /><testcase classname="tests.test_cfr_toys" name="test_akq_bluff_and_call_frequencies_by_bet_size" time="0.380" /><testcase classname="tests.test_cfr_toys" name="test_kuhn_converges_from_different_iteration_counts" time="0.904" /><testcase classname="tests.test_decision_api" name="test_charts_expand" time="0.005" /><testcase classname="tests.test_decision_api" name="test_line_classification_open_vs_3bet" time="0.005" /><testcase classname="tests.test_decision_api" name="test_api_advice_hero_turn" time="9.437" /><testcase classname="tests.test_decision_api" name="test_api_advice_pot_odds_math" time="7.739" /><testcase classname="tests.test_decision_api" name="test_nine_max_advice_with_spr_and_recommendation" time="5.337" /><testcase classname="tests.test_decision_api" name="test_no_bet_never_suggests_fold" time="7.294" /><testcase classname="tests.test_decision_api" name="test_new_positions_chart_fallback" time="0.005" /><testcase classname="tests.test_decision_api" name="test_stack_structure_modulates_advice" time="0.737" /><testcase classname="tests.test_decision_api" name="test_advice_invariants_random_scenarios" time="51.004" /><testcase classname="tests.test_decision_api" name="test_icm_uses_hand_start_stack_snapshot" time="0.011" /><testcase classname="tests.test_decision_api" name="test_icm_allin_player_not_an_error" time="0.014" /><testcase classname="tests.test_decision_api" name="test_blind_up_required_eq_uses_incremental_odds" time="4.587" /><testcase classname="tests.test_decision_api" name="test_cfr_no_raise_when_opponent_allin" time="2.587" /><testcase classname="tests.test_decision_api" name="test_equity_lowercase_range_same_as_upper" time="0.186" /><testcase classname="tests.test_decision_api" name="test_invalid_names_and_payouts_are_4xx" time="0.025" /><testcase classname="tests.test_decision_api" name="test_stats_reset_default_is_self_only" time="0.067" /><testcase classname="tests.test_decision_api" name="test_cfr_raise_label_is_street_amount" time="3.184" /><testcase classname="tests.test_decision_api" name="test_short_stack_required_eq_uses_contestable_layers" time="12.301" /><testcase classname="tests.test_decision_api" name="test_side_pot_ev_drives_recommendation" time="0.119" /><testcase classname="tests.test_equity_api" name="test_known_matchup_aa_vs_kk" time="9.677" /><testcase classname="tests.test_equity_api" name="test_seed_makes_result_deterministic" time="0.447" /><testcase classname="tests.test_equity_api" name="test_royal_flush_beats_quads_on_full_board" time="0.027" /><testcase classname="tests.test_equity_api" name="test_exact_turn_enumeration" time="0.007" /><testcase classname="tests.test_equity_api" name="test_duplicate_card_rejected" time="0.005" /><testcase classname="tests.test_equity_api" name="test_bad_board_count_rejected" time="0.005" /><testcase classname="tests.test_equity_api" name="test_api_success_and_sum" time="0.987" /><testcase classname="tests.test_equity_api" name="test_api_rejects_duplicate" time="0.010" /><testcase classname="tests.test_equity_api" name="test_api_rejects_bad_board" time="0.010" /><testcase classname="tests.test_equity_api" name="test_api_rejects_iterations_out_of_range" time="0.009" /><testcase classname="tests.test_equity_api" name="test_index_page_served" time="0.143" /><testcase classname="tests.test_icm" name="test_matches_bruteforce_permutations" time="0.030" /><testcase classname="tests.test_icm" name="test_equities_sum_to_prize_pool" time="0.008" /><testcase classname="tests.test_icm" name="test_winner_take_all_is_chip_share" time="0.006" /><testcase classname="tests.test_icm" name="test_two_players_closed_form" time="0.006" /><testcase classname="tests.test_icm" name="test_bigger_stack_never_lower_equity" time="0.006" /><testcase classname="tests.test_icm" name="test_invalid_inputs_raise" time="0.006" /><testcase classname="tests.test_opponents" name="test_record_accounting" time="0.010" /><testcase classname="tests.test_opponents" name="test_record_dedupes_by_signature" time="0.009" /><testcase classname="tests.test_opponents" name="test_narrowing_flags_in_advice" time="0.276" /><testcase classname="tests.test_opponents" name="test_weighted_sampling_shifts_equity" time="0.786" /><testcase classname="tests.test_opponents" name="test_hand_id_distinguishes_identical_hands" time="0.011" /><testcase classname="tests.test_opponents" name="test_hand_id_via_api" time="0.026" /><testcase classname="tests.test_opponents" name="test_user_namespaces_isolate_profiles" time="0.031" /><testcase classname="tests.test_opponents" name="test_hand_id_window_survives_stats_volume" time="1.513" /><testcase classname="tests.test_opponents" name="test_reserved_name_prefix_falls_back_to_pool" time="0.010" /><testcase classname="tests.test_opponents" name="test_migration_consumes_legacy_keys_no_revival" time="0.009" /><testcase classname="tests.test_playthrough_stress" name="test_full_hand_api_walk[0]" time="0.109" /><testcase classname="tests.test_playthrough_stress" name="test_full_hand_api_walk[1]" time="0.062" /><testcase classname="tests.test_playthrough_stress" name="test_full_hand_api_walk[2]" time="0.063" /><testcase classname="tests.test_playthrough_stress" name="test_full_hand_api_walk[3]" time="0.083" /><testcase classname="tests.test_playthrough_stress" name="test_full_hand_api_walk[4]" time="0.103" /><testcase classname="tests.test_playthrough_stress" name="test_full_hand_api_walk[5]" time="0.071" /><testcase classname="tests.test_playthrough_stress" name="test_full_hand_api_walk[6]" time="0.020" /><testcase classname="tests.test_playthrough_stress" name="test_full_hand_api_walk[7]" time="0.085" /><testcase classname="tests.test_playthrough_stress" name="test_full_hand_api_walk[8]" time="0.119" /><testcase classname="tests.test_playthrough_stress" name="test_full_hand_api_walk[9]" time="0.092" /><testcase classname="tests.test_playthrough_stress" name="test_full_hand_api_walk[10]" time="0.130" /><testcase classname="tests.test_playthrough_stress" name="test_full_hand_api_walk[11]" time="0.072" /><testcase classname="tests.test_playthrough_stress" name="test_full_hand_api_walk[12]" time="0.061" /><testcase classname="tests.test_playthrough_stress" name="test_full_hand_api_walk[13]" time="0.095" /><testcase classname="tests.test_playthrough_stress" name="test_full_hand_api_walk[14]" time="0.181" /><testcase classname="tests.test_playthrough_stress" name="test_full_hand_api_walk[15]" time="0.133" /><testcase classname="tests.test_playthrough_stress" name="test_full_hand_api_walk[16]" time="0.067" /><testcase classname="tests.test_playthrough_stress" name="test_full_hand_api_walk[17]" time="0.093" /><testcase classname="tests.test_playthrough_stress" name="test_full_hand_api_walk[18]" time="0.076" /><testcase classname="tests.test_playthrough_stress" name="test_full_hand_api_walk[19]" time="0.020" /><testcase classname="tests.test_playthrough_stress" name="test_full_hand_api_walk[20]" time="0.109" /><testcase classname="tests.test_playthrough_stress" name="test_full_hand_api_walk[21]" time="0.069" /><testcase classname="tests.test_playthrough_stress" name="test_full_hand_api_walk[22]" time="0.089" /><testcase classname="tests.test_playthrough_stress" name="test_full_hand_api_walk[23]" time="0.105" /><testcase classname="tests.test_playthrough_stress" name="test_full_hand_api_walk[24]" time="0.056" /><testcase classname="tests.test_playthrough_stress" name="test_full_hand_api_walk[25]" time="0.059" /><testcase classname="tests.test_playthrough_stress" name="test_full_hand_api_walk[26]" time="0.164" /><testcase classname="tests.test_playthrough_stress" name="test_full_hand_api_walk[27]" time="0.127" /><testcase classname="tests.test_playthrough_stress" name="test_full_hand_api_walk[28]" time="0.136" /><testcase classname="tests.test_playthrough_stress" name="test_full_hand_api_walk[29]" time="0.089" /><testcase classname="tests.test_playthrough_stress" name="test_full_hand_api_walk[30]" time="0.092" /><testcase classname="tests.test_playthrough_stress" name="test_full_hand_api_walk[31]" time="0.048" /><testcase classname="tests.test_playthrough_stress" name="test_full_hand_api_walk[32]" time="0.088" /><testcase classname="tests.test_playthrough_stress" name="test_full_hand_api_walk[33]" time="0.045" /><testcase classname="tests.test_playthrough_stress" name="test_full_hand_api_walk[34]" time="0.159" /><testcase classname="tests.test_playthrough_stress" name="test_full_hand_api_walk[35]" time="0.137" /><testcase classname="tests.test_playthrough_stress" name="test_full_hand_api_walk[36]" time="0.068" /><testcase classname="tests.test_playthrough_stress" name="test_full_hand_api_walk[37]" time="0.093" /><testcase classname="tests.test_playthrough_stress" name="test_full_hand_api_walk[38]" time="0.168" /><testcase classname="tests.test_playthrough_stress" name="test_full_hand_api_walk[39]" time="0.063" /><testcase classname="tests.test_playthrough_stress" name="test_full_hand_api_walk[40]" time="0.101" /><testcase classname="tests.test_playthrough_stress" name="test_full_hand_api_walk[41]" time="0.115" /><testcase classname="tests.test_playthrough_stress" name="test_full_hand_api_walk[42]" time="0.142" /><testcase classname="tests.test_playthrough_stress" name="test_full_hand_api_walk[43]" time="0.076" /><testcase classname="tests.test_playthrough_stress" name="test_full_hand_api_walk[44]" time="0.168" /><testcase classname="tests.test_playthrough_stress" name="test_full_hand_api_walk[45]" time="0.107" /><testcase classname="tests.test_playthrough_stress" name="test_full_hand_api_walk[46]" time="0.125" /><testcase classname="tests.test_playthrough_stress" name="test_full_hand_api_walk[47]" time="0.062" /><testcase classname="tests.test_playthrough_stress" name="test_full_hand_api_walk[48]" time="0.065" /><testcase classname="tests.test_playthrough_stress" name="test_full_hand_api_walk[49]" time="0.119" /><testcase classname="tests.test_playthrough_stress" name="test_full_hand_api_walk[50]" time="0.021" /><testcase classname="tests.test_playthrough_stress" name="test_full_hand_api_walk[51]" time="0.020" /><testcase classname="tests.test_playthrough_stress" name="test_full_hand_api_walk[52]" time="0.073" /><testcase classname="tests.test_playthrough_stress" name="test_full_hand_api_walk[53]" time="0.106" /><testcase classname="tests.test_playthrough_stress" name="test_full_hand_api_walk[54]" time="0.149" /><testcase classname="tests.test_playthrough_stress" name="test_full_hand_api_walk[55]" time="0.119" /><testcase classname="tests.test_playthrough_stress" name="test_full_hand_api_walk[56]" time="0.150" /><testcase classname="tests.test_playthrough_stress" name="test_full_hand_api_walk[57]" time="0.126" /><testcase classname="tests.test_playthrough_stress" name="test_full_hand_api_walk[58]" time="0.043" /><testcase classname="tests.test_playthrough_stress" name="test_full_hand_api_walk[59]" time="0.070" /><testcase classname="tests.test_playthrough_stress" name="test_full_hand_api_walk[60]" time="0.116" /><testcase classname="tests.test_playthrough_stress" name="test_full_hand_api_walk[61]" time="0.102" /><testcase classname="tests.test_playthrough_stress" name="test_full_hand_api_walk[62]" time="0.130" /><testcase classname="tests.test_playthrough_stress" name="test_full_hand_api_walk[63]" time="0.082" /><testcase classname="tests.test_playthrough_stress" name="test_full_hand_api_walk[64]" time="0.085" /><testcase classname="tests.test_playthrough_stress" name="test_full_hand_api_walk[65]" time="0.046" /><testcase classname="tests.test_playthrough_stress" name="test_full_hand_api_walk[66]" time="0.116" /><testcase classname="tests.test_playthrough_stress" name="test_full_hand_api_walk[67]" time="0.124" /><testcase classname="tests.test_playthrough_stress" name="test_full_hand_api_walk[68]" time="0.095" /><testcase classname="tests.test_playthrough_stress" name="test_full_hand_api_walk[69]" time="0.107" /><testcase classname="tests.test_playthrough_stress" name="test_full_hand_api_walk[70]" time="0.144" /><testcase classname="tests.test_playthrough_stress" name="test_full_hand_api_walk[71]" time="0.078" /><testcase classname="tests.test_playthrough_stress" name="test_full_hand_api_walk[72]" time="0.129" /><testcase classname="tests.test_playthrough_stress" name="test_full_hand_api_walk[73]" time="0.108" /><testcase classname="tests.test_playthrough_stress" name="test_full_hand_api_walk[74]" time="0.151" /><testcase classname="tests.test_playthrough_stress" name="test_full_hand_api_walk[75]" time="0.087" /><testcase classname="tests.test_playthrough_stress" name="test_full_hand_api_walk[76]" time="0.138" /><testcase classname="tests.test_playthrough_stress" name="test_full_hand_api_walk[77]" time="0.116" /><testcase classname="tests.test_playthrough_stress" name="test_full_hand_api_walk[78]" time="0.068" /><testcase classname="tests.test_playthrough_stress" name="test_full_hand_api_walk[79]" time="0.134" /><testcase classname="tests.test_playthrough_stress" name="test_full_hand_api_walk[80]" time="0.078" /><testcase classname="tests.test_playthrough_stress" name="test_full_hand_api_walk[81]" time="0.068" /><testcase classname="tests.test_playthrough_stress" name="test_full_hand_api_walk[82]" time="0.081" /><testcase classname="tests.test_playthrough_stress" name="test_full_hand_api_walk[83]" time="0.096" /><testcase classname="tests.test_playthrough_stress" name="test_full_hand_api_walk[84]" time="0.056" /><testcase classname="tests.test_playthrough_stress" name="test_full_hand_api_walk[85]" time="0.151" /><testcase classname="tests.test_playthrough_stress" name="test_full_hand_api_walk[86]" time="0.134" /><testcase classname="tests.test_playthrough_stress" name="test_full_hand_api_walk[87]" time="0.020" /><testcase classname="tests.test_playthrough_stress" name="test_full_hand_api_walk[88]" time="0.115" /><testcase classname="tests.test_playthrough_stress" name="test_full_hand_api_walk[89]" time="0.131" /><testcase classname="tests.test_playthrough_stress" name="test_full_hand_api_walk[90]" time="0.053" /><testcase classname="tests.test_playthrough_stress" name="test_full_hand_api_walk[91]" time="0.081" /><testcase classname="tests.test_playthrough_stress" name="test_full_hand_api_walk[92]" time="0.142" /><testcase classname="tests.test_playthrough_stress" name="test_full_hand_api_walk[93]" time="0.097" /><testcase classname="tests.test_playthrough_stress" name="test_full_hand_api_walk[94]" time="0.128" /><testcase classname="tests.test_playthrough_stress" name="test_full_hand_api_walk[95]" time="0.059" /><testcase classname="tests.test_playthrough_stress" name="test_full_hand_api_walk[96]" time="0.122" /><testcase classname="tests.test_playthrough_stress" name="test_full_hand_api_walk[97]" time="0.115" /><testcase classname="tests.test_playthrough_stress" name="test_full_hand_api_walk[98]" time="0.109" /><testcase classname="tests.test_playthrough_stress" name="test_full_hand_api_walk[99]" time="0.073" /><testcase classname="tests.test_playthrough_stress" name="test_full_hand_api_walk[100]" time="0.112" /><testcase classname="tests.test_playthrough_stress" name="test_full_hand_api_walk[101]" time="0.021" /><testcase classname="tests.test_playthrough_stress" name="test_full_hand_api_walk[102]" time="0.094" /><testcase classname="tests.test_playthrough_stress" name="test_full_hand_api_walk[103]" time="0.073" /><testcase classname="tests.test_playthrough_stress" name="test_full_hand_api_walk[104]" time="0.100" /><testcase classname="tests.test_playthrough_stress" name="test_full_hand_api_walk[105]" time="0.120" /><testcase classname="tests.test_playthrough_stress" name="test_full_hand_api_walk[106]" time="0.053" /><testcase classname="tests.test_playthrough_stress" name="test_full_hand_api_walk[107]" time="0.138" /><testcase classname="tests.test_playthrough_stress" name="test_full_hand_api_walk[108]" time="0.084" /><testcase classname="tests.test_playthrough_stress" name="test_full_hand_api_walk[109]" time="0.118" /><testcase classname="tests.test_playthrough_stress" name="test_full_hand_api_walk[110]" time="0.145" /><testcase classname="tests.test_playthrough_stress" name="test_full_hand_api_walk[111]" time="0.098" /><testcase classname="tests.test_playthrough_stress" name="test_full_hand_api_walk[112]" time="0.132" /><testcase classname="tests.test_playthrough_stress" name="test_full_hand_api_walk[113]" time="0.057" /><testcase classname="tests.test_playthrough_stress" name="test_full_hand_api_walk[114]" time="0.021" /><testcase classname="tests.test_playthrough_stress" name="test_full_hand_api_walk[115]" time="0.126" /><testcase classname="tests.test_playthrough_stress" name="test_full_hand_api_walk[116]" time="0.123" /><testcase classname="tests.test_playthrough_stress" name="test_full_hand_api_walk[117]" time="0.053" /><testcase classname="tests.test_playthrough_stress" name="test_full_hand_api_walk[118]" time="0.066" /><testcase classname="tests.test_playthrough_stress" name="test_full_hand_api_walk[119]" time="0.074" /><testcase classname="tests.test_quick_fold" name="test_no_cards_needed_and_only_hero_balance_is_known[1-9875-6]" time="0.011" /><testcase classname="tests.test_quick_fold" name="test_no_cards_needed_and_only_hero_balance_is_known[1-9875-8]" time="0.010" /><testcase classname="tests.test_quick_fold" name="test_no_cards_needed_and_only_hero_balance_is_known[1-9875-9]" time="0.010" /><testcase classname="tests.test_quick_fold" name="test_no_cards_needed_and_only_hero_balance_is_known[2-9775-6]" time="0.010" /><testcase classname="tests.test_quick_fold" name="test_no_cards_needed_and_only_hero_balance_is_known[2-9775-8]" time="0.011" /><testcase classname="tests.test_quick_fold" name="test_no_cards_needed_and_only_hero_balance_is_known[2-9775-9]" time="0.010" /><testcase classname="tests.test_quick_fold" name="test_no_cards_needed_and_only_hero_balance_is_known[3-9975-6]" time="0.010" /><testcase classname="tests.test_quick_fold" name="test_no_cards_needed_and_only_hero_balance_is_known[3-9975-8]" time="0.010" /><testcase classname="tests.test_quick_fold" name="test_no_cards_needed_and_only_hero_balance_is_known[3-9975-9]" time="0.010" /><testcase classname="tests.test_quick_fold" name="test_heads_up_and_missing_small_blind_use_actual_role_mapping" time="0.014" /><testcase classname="tests.test_quick_fold" name="test_forced_all_in_cannot_be_recorded_as_fold[1]" time="0.010" /><testcase classname="tests.test_quick_fold" name="test_forced_all_in_cannot_be_recorded_as_fold[25]" time="0.011" /><testcase classname="tests.test_quick_fold" name="test_forced_all_in_cannot_be_recorded_as_fold[100]" time="0.010" /><testcase classname="tests.test_quick_fold" name="test_forced_all_in_cannot_be_recorded_as_fold[125]" time="0.011" /><testcase classname="tests.test_quick_fold" name="test_previous_call_and_known_opponent_fold_are_preserved" time="0.016" /><testcase classname="tests.test_quick_fold" name="test_out_of_turn_after_actions_and_invalid_payload_are_rejected" time="0.035" /><testcase classname="tests.test_ranges" name="test_pair_six_combos" time="0.005" /><testcase classname="tests.test_ranges" name="test_suited_four_offsuit_twelve_both_sixteen" time="0.005" /><testcase classname="tests.test_ranges" name="test_order_normalized" time="0.005" /><testcase classname="tests.test_ranges" name="test_plus_pair_range" time="0.005" /><testcase classname="tests.test_ranges" name="test_plus_kicker_range" time="0.005" /><testcase classname="tests.test_ranges" name="test_mixed_and_dedup" time="0.005" /><testcase classname="tests.test_ranges" name="test_invalid_inputs" time="0.005" /><testcase classname="tests.test_ranges" name="test_case_insensitive_codes_produce_identical_combos" time="0.005" /><testcase classname="tests.test_session_context" name="test_f2_fold_win_settlement_all_verified" time="0.006" /><testcase classname="tests.test_session_context" name="test_f3_unknown_showdown_partial_verified" time="0.010" /><testcase classname="tests.test_session_context" name="test_f4_heads_up_blinds_and_order" time="0.006" /><testcase classname="tests.test_session_context" name="test_f5a_empty_button_seat" time="0.007" /><testcase classname="tests.test_session_context" name="test_f5a_button_role_on_empty_seat_via_prepare" time="0.012" /><testcase classname="tests.test_session_context" name="test_f5b_empty_small_blind" time="0.007" /><testcase classname="tests.test_session_context" name="test_p03_player_counts_build_and_ranges[2]" time="0.011" /><testcase classname="tests.test_session_context" name="test_p03_player_counts_build_and_ranges[3]" time="0.012" /><testcase classname="tests.test_session_context" name="test_p03_player_counts_build_and_ranges[4]" time="0.011" /><testcase classname="tests.test_session_context" name="test_p03_player_counts_build_and_ranges[5]" time="0.011" /><testcase classname="tests.test_session_context" name="test_p03_player_counts_build_and_ranges[6]" time="0.010" /><testcase classname="tests.test_session_context" name="test_p03_player_counts_build_and_ranges[7]" time="0.011" /><testcase classname="tests.test_session_context" name="test_p03_player_counts_build_and_ranges[8]" time="0.010" /><testcase classname="tests.test_session_context" name="test_p03_player_counts_build_and_ranges[9]" time="0.010" /><testcase classname="tests.test_session_context" name="test_p10_no_sb_with_empty_seats_supported" time="0.020" /><testcase classname="tests.test_session_context" name="test_p13_full_table_no_sb_rejected" time="0.011" /><testcase classname="tests.test_session_context" name="test_p11_bad_positions_rejected" time="0.014" /><testcase classname="tests.test_session_context" name="test_m09_duplicate_ids_and_missing_hero" time="0.015" /><testcase classname="tests.test_session_context" name="test_m10_participant_order_irrelevant" time="0.014" /><testcase classname="tests.test_session_context" name="test_p15_short_stack_pays_what_he_can" time="0.006" /><testcase classname="tests.test_session_context" name="test_p16_ante_pot_sizes" time="0.007" /><testcase classname="tests.test_session_context" name="test_c16_uncalled_bet_returned" time="0.006" /><testcase classname="tests.test_session_context" name="test_a02_learning_off_skips_stats" time="0.820" /><testcase classname="tests.test_session_context" name="test_a14_v2_bad_inputs" time="0.018" /><testcase classname="tests.test_session_context" name="test_a09_v2_legacy_same_engine_outcome" time="0.016" /><testcase classname="tests.test_session_context" name="test_a04_v2_record_complete_hand_with_uid" time="0.021" /><testcase classname="tests.test_session_context" name="test_a03_v2_record_closed_returns_409" time="0.010" /><testcase classname="tests.test_session_context" name="test_v2_record_rejects_incomplete_hand" time="0.010" /><testcase classname="tests.test_session_regressions" name="test_every_actual_player_count_advice_four_streets_and_record[2]" time="0.186" /><testcase classname="tests.test_session_regressions" name="test_every_actual_player_count_advice_four_streets_and_record[3]" time="0.511" /><testcase classname="tests.test_session_regressions" name="test_every_actual_player_count_advice_four_streets_and_record[4]" time="1.013" /><testcase classname="tests.test_session_regressions" name="test_every_actual_player_count_advice_four_streets_and_record[5]" time="1.122" /><testcase classname="tests.test_session_regressions" name="test_every_actual_player_count_advice_four_streets_and_record[6]" time="1.296" /><testcase classname="tests.test_session_regressions" name="test_every_actual_player_count_advice_four_streets_and_record[7]" time="1.552" /><testcase classname="tests.test_session_regressions" name="test_every_actual_player_count_advice_four_streets_and_record[8]" time="2.153" /><testcase classname="tests.test_session_regressions" name="test_every_actual_player_count_advice_four_streets_and_record[9]" time="3.278" /><testcase classname="tests.test_session_regressions" name="test_no_small_blind_advice_names_and_nominal_bb" time="1.073" /><testcase classname="tests.test_session_regressions" name="test_icm_is_starting_snapshot_keyed_by_occupant" time="0.011" /><testcase classname="tests.test_session_regressions" name="test_malformed_payload_is_4xx[ops-value0]" time="0.011" /><testcase classname="tests.test_session_regressions" name="test_malformed_payload_is_4xx[ops-value1]" time="0.011" /><testcase classname="tests.test_session_regressions" name="test_malformed_payload_is_4xx[hero_cards-42]" time="0.010" /><testcase classname="tests.test_session_regressions" name="test_malformed_payload_is_4xx[iterations-1000]" time="0.010" /><testcase classname="tests.test_session_regressions" name="test_malformed_payload_is_4xx[iterations-10]" time="0.011" /><testcase classname="tests.test_session_regressions" name="test_malformed_payload_is_4xx[iterations-1000001]" time="0.010" /><testcase classname="tests.test_session_regressions" name="test_malformed_payload_is_4xx[seed-value6]" time="0.010" /><testcase classname="tests.test_session_regressions" name="test_malformed_payload_is_4xx[ops-value7]" time="0.010" /><testcase classname="tests.test_session_regressions" name="test_malformed_payload_is_4xx[ops-value8]" time="0.010" /><testcase classname="tests.test_session_regressions" name="test_malformed_icm_is_4xx[42]" time="0.010" /><testcase classname="tests.test_session_regressions" name="test_malformed_icm_is_4xx[icm1]" time="0.011" /><testcase classname="tests.test_session_regressions" name="test_malformed_icm_is_4xx[icm2]" time="0.010" /><testcase classname="tests.test_session_regressions" name="test_malformed_icm_is_4xx[icm3]" time="0.010" /><testcase classname="tests.test_session_regressions" name="test_concurrent_replay_uses_same_cards_and_blinds" time="0.037" /><testcase classname="tests.test_table" name="test_preflop_pot_with_antes" time="0.007" /><testcase classname="tests.test_table" name="test_blinds_and_stacks_after_fold_all" time="0.006" /><testcase classname="tests.test_table" name="test_wrong_actor_rejected" time="0.006" /><testcase classname="tests.test_table" name="test_raise_range_enforced" time="0.007" /><testcase classname="tests.test_table" name="test_postflop_order_sb_first_then_skip_folded" time="0.008" /><testcase classname="tests.test_table" name="test_board_op_rejected_when_betting_open" time="0.006" /><testcase classname="tests.test_table" name="test_full_showdown_side_pot_split" time="0.009" /><testcase classname="tests.test_table" name="test_showdown_reveals_survivors" time="0.009" /><testcase classname="tests.test_table" name="test_all_positions_exist" time="0.007" /><testcase classname="tests.test_table" name="test_nine_max_positions_and_order" time="0.007" /><testcase classname="tests.test_table" name="test_eight_max_fold_around_bb_option" time="0.008" /><testcase classname="tests.test_table" name="test_unknown_table_size_rejected" time="0.006" /><testcase classname="tests.test_table" name="test_varied_stacks_accepted_and_shown" time="0.006" /><testcase classname="tests.test_table" name="test_tiny_stack_trimmed_not_crash" time="0.006" /><testcase classname="tests.test_table" name="test_taken_only_contains_observed_cards" time="0.006" /><testcase classname="tests.test_textures" name="test_board_texture_labels" time="0.006" /><testcase classname="tests.test_textures" name="test_range_advantage_known_matchup" time="0.424" /><testcase classname="tests.test_textures" name="test_nut_advantage_fields" time="0.006" /><testcase classname="tests.test_textures" name="test_mc_matches_exact_enumeration_on_river" time="1.031" /><testcase classname="tests.test_textures" name="test_range_advantage_direction_sanity" time="0.159" /><testcase classname="tests.test_textures" name="test_overlapping_ranges_are_not_computable" time="0.032" /><testcase classname="tests.test_verification_harness" name="test_verification_exit_is_nonzero_if_any_suite_fails" time="0.008" /><testcase classname="tests.test_verification_harness" name="test_namespace_regression_detects_reset_all_mutation" time="0.028" /><testcase classname="tests.test_verification_harness" name="test_reset_test_restores_both_environment_cases[None]" time="0.069" /><testcase classname="tests.test_verification_harness" name="test_reset_test_restores_both_environment_cases[qa-original-value]" time="0.066" /></testsuite></testsuites>